<?xml version="1.0" encoding="UTF-8"?>
<!-- Generated by org.testng.reporters.JUnitReportReporter -->
<testsuite hostname="DESKTOP-QOIRAG4" failures="0" tests="2" name="com.saucedemo.testcases.SwaglabsVerified" time="3.190" errors="0" timestamp="2020-09-22T00:07:05 EDT" skipped="0">
  <testcase classname="com.saucedemo.testcases.SwaglabsVerified" name="itemsAvailableVerified" time="0.107"/>
  <system-out>
Click to see Screenshot <a target="_blank" href=Tue_Sep_22_00_07_00_EDT_2020.jpg>Screenshot</a> <br> <br> <a target="_blank" href=Tue_Sep_22_00_07_00_EDT_2020.jpg><img src=Tue_Sep_22_00_07_00_EDT_2020.jpg height=200 width=200></img></a>  </system-out>
  <testcase classname="com.saucedemo.testcases.SwaglabsVerified" name="swagLabsLogoVerified" time="3.083"/>
  <system-out>
Click to see Screenshot <a target="_blank" href=Tue_Sep_22_00_07_04_EDT_2020.jpg>Screenshot</a> <br> <br> <a target="_blank" href=Tue_Sep_22_00_07_04_EDT_2020.jpg><img src=Tue_Sep_22_00_07_04_EDT_2020.jpg height=200 width=200></img></a>  </system-out>
</testsuite> <!-- com.saucedemo.testcases.SwaglabsVerified -->
